mode: set
github.com/emilybache/gildedrose-refactoring-kata/gildedrose/gildedrose.go:18.35,19.29 1 1
github.com/emilybache/gildedrose-refactoring-kata/gildedrose/gildedrose.go:19.29,20.28 1 1
github.com/emilybache/gildedrose-refactoring-kata/gildedrose/gildedrose.go:20.28,22.4 1 1
github.com/emilybache/gildedrose-refactoring-kata/gildedrose/gildedrose.go:23.3,24.22 2 1
github.com/emilybache/gildedrose-refactoring-kata/gildedrose/gildedrose.go:24.22,26.4 1 1
github.com/emilybache/gildedrose-refactoring-kata/gildedrose/gildedrose.go:30.36,31.50 1 1
github.com/emilybache/gildedrose-refactoring-kata/gildedrose/gildedrose.go:31.50,32.20 1 1
github.com/emilybache/gildedrose-refactoring-kata/gildedrose/gildedrose.go:33.23,34.39 1 1
github.com/emilybache/gildedrose-refactoring-kata/gildedrose/gildedrose.go:35.11,36.29 1 1
github.com/emilybache/gildedrose-refactoring-kata/gildedrose/gildedrose.go:36.29,38.5 1 1
github.com/emilybache/gildedrose-refactoring-kata/gildedrose/gildedrose.go:40.8,42.28 2 1
github.com/emilybache/gildedrose-refactoring-kata/gildedrose/gildedrose.go:42.28,44.4 1 1
github.com/emilybache/gildedrose-refactoring-kata/gildedrose/gildedrose.go:45.3,45.40 1 1
github.com/emilybache/gildedrose-refactoring-kata/gildedrose/gildedrose.go:49.36,50.51 1 1
github.com/emilybache/gildedrose-refactoring-kata/gildedrose/gildedrose.go:50.51,52.28 2 1
github.com/emilybache/gildedrose-refactoring-kata/gildedrose/gildedrose.go:52.28,54.4 1 1
github.com/emilybache/gildedrose-refactoring-kata/gildedrose/gildedrose.go:55.3,55.40 1 1
github.com/emilybache/gildedrose-refactoring-kata/gildedrose/gildedrose.go:56.8,56.40 1 1
github.com/emilybache/gildedrose-refactoring-kata/gildedrose/gildedrose.go:56.40,58.3 1 1
github.com/emilybache/gildedrose-refactoring-kata/gildedrose/gildedrose.go:61.48,62.9 1 1
github.com/emilybache/gildedrose-refactoring-kata/gildedrose/gildedrose.go:63.24,64.28 1 1
github.com/emilybache/gildedrose-refactoring-kata/gildedrose/gildedrose.go:65.25,66.28 1 1
github.com/emilybache/gildedrose-refactoring-kata/gildedrose/gildedrose.go:67.10,68.28 1 1
github.com/emilybache/gildedrose-refactoring-kata/gildedrose/gildedrose.go:72.56,73.34 1 1
github.com/emilybache/gildedrose-refactoring-kata/gildedrose/gildedrose.go:73.34,75.3 1 1
github.com/emilybache/gildedrose-refactoring-kata/gildedrose/gildedrose.go:75.8,77.3 1 1
github.com/emilybache/gildedrose-refactoring-kata/gildedrose/gildedrose.go:80.56,81.51 1 1
github.com/emilybache/gildedrose-refactoring-kata/gildedrose/gildedrose.go:81.51,83.3 1 1
github.com/emilybache/gildedrose-refactoring-kata/gildedrose/gildedrose.go:83.8,86.3 2 1
github.com/emilybache/gildedrose-refactoring-kata/gildedrose/gildedrose.go:89.54,90.29 1 1
github.com/emilybache/gildedrose-refactoring-kata/gildedrose/gildedrose.go:90.29,91.18 1 1
github.com/emilybache/gildedrose-refactoring-kata/gildedrose/gildedrose.go:91.18,93.4 1 1
github.com/emilybache/gildedrose-refactoring-kata/gildedrose/gildedrose.go:95.2,95.14 1 1
