mode: set
github.com/emilybache/gildedrose-refactoring-kata/gildedrose/gildedrose.go:8.56,9.22 1 1
github.com/emilybache/gildedrose-refactoring-kata/gildedrose/gildedrose.go:9.22,11.3 1 1
github.com/emilybache/gildedrose-refactoring-kata/gildedrose/gildedrose.go:14.56,15.51 1 1
github.com/emilybache/gildedrose-refactoring-kata/gildedrose/gildedrose.go:15.51,17.3 1 1
github.com/emilybache/gildedrose-refactoring-kata/gildedrose/gildedrose.go:17.8,20.3 2 1
github.com/emilybache/gildedrose-refactoring-kata/gildedrose/gildedrose.go:31.35,32.29 1 1
github.com/emilybache/gildedrose-refactoring-kata/gildedrose/gildedrose.go:32.29,33.28 1 1
github.com/emilybache/gildedrose-refactoring-kata/gildedrose/gildedrose.go:33.28,35.4 1 1
github.com/emilybache/gildedrose-refactoring-kata/gildedrose/gildedrose.go:36.3,36.52 1 1
github.com/emilybache/gildedrose-refactoring-kata/gildedrose/gildedrose.go:36.52,37.29 1 1
github.com/emilybache/gildedrose-refactoring-kata/gildedrose/gildedrose.go:37.29,39.5 1 1
github.com/emilybache/gildedrose-refactoring-kata/gildedrose/gildedrose.go:39.10,41.5 1 1
github.com/emilybache/gildedrose-refactoring-kata/gildedrose/gildedrose.go:42.9,43.35 1 1
github.com/emilybache/gildedrose-refactoring-kata/gildedrose/gildedrose.go:43.35,45.5 1 1
github.com/emilybache/gildedrose-refactoring-kata/gildedrose/gildedrose.go:45.10,46.30 1 1
github.com/emilybache/gildedrose-refactoring-kata/gildedrose/gildedrose.go:46.30,48.6 1 1
github.com/emilybache/gildedrose-refactoring-kata/gildedrose/gildedrose.go:51.3,51.22 1 1
github.com/emilybache/gildedrose-refactoring-kata/gildedrose/gildedrose.go:51.22,52.53 1 1
github.com/emilybache/gildedrose-refactoring-kata/gildedrose/gildedrose.go:52.53,53.30 1 1
github.com/emilybache/gildedrose-refactoring-kata/gildedrose/gildedrose.go:53.30,55.6 1 1
github.com/emilybache/gildedrose-refactoring-kata/gildedrose/gildedrose.go:55.11,57.6 1 1
github.com/emilybache/gildedrose-refactoring-kata/gildedrose/gildedrose.go:63.54,64.29 1 1
github.com/emilybache/gildedrose-refactoring-kata/gildedrose/gildedrose.go:64.29,65.18 1 1
github.com/emilybache/gildedrose-refactoring-kata/gildedrose/gildedrose.go:65.18,67.4 1 1
github.com/emilybache/gildedrose-refactoring-kata/gildedrose/gildedrose.go:69.2,69.14 1 1
github.com/emilybache/gildedrose-refactoring-kata/gildedrose/gildedrose.go:72.48,73.9 1 1
github.com/emilybache/gildedrose-refactoring-kata/gildedrose/gildedrose.go:74.23,75.19 1 1
github.com/emilybache/gildedrose-refactoring-kata/gildedrose/gildedrose.go:76.24,77.28 1 1
github.com/emilybache/gildedrose-refactoring-kata/gildedrose/gildedrose.go:78.25,79.28 1 1
github.com/emilybache/gildedrose-refactoring-kata/gildedrose/gildedrose.go:80.10,81.28 1 1
